<?xml version="1.0" encoding="UTF-8"?>
<!-- Generated by org.testng.reporters.JUnitReportReporter -->
<testsuite hostname="ar-it01779" name="tests.TestCases" tests="1" failures="0" timestamp="5 Jun 2020 04:42:26 GMT" time="8.381" errors="0">
  <testcase name="searchAction" time="8.381" classname="tests.TestCases"/>
</testsuite> <!-- tests.TestCases -->
