<?xml version="1.0" encoding="UTF-8"?>
<!-- Generated by org.testng.reporters.JUnitReportReporter -->
<testsuite hostname="ar-it01779" name="com.automation.training.AutomationTests" tests="1" failures="0" timestamp="29 May 2020 20:27:19 GMT" time="0.026" errors="0">
  <testcase name="testConcact" time="0.026" classname="com.automation.training.AutomationTests"/>
</testsuite> <!-- com.automation.training.AutomationTests -->
